<?xml version="1.0" encoding="UTF-8"?>
<!-- Generated by org.testng.reporters.JUnitReportReporter -->
<testsuite hostname="LAPTOP-U5ITSHIF" failures="0" tests="6" name="com.Pat.TestCases.Tc_DDT_Login" time="140.734" errors="2" timestamp="2025-06-02T15:56:54 IST" skipped="0">
  <testcase classname="com.Pat.TestCases.Tc_DDT_Login" name="Login" time="35.658">
    <system-out>
      <![CDATA[subash.selenium@gmail.com : is the Value entered for WebElement : UserName      #####################      
Auto@123 : is the Value entered for WebElement : Password      #####################      
WebElement : Log In is clicked      #####################      
Login successful with Home Page displayed as : Login Successfully
WebElement : Log Off is clicked      #####################      
WebElement : Go Back To Login is clicked      #####################      ]]>
    </system-out>
  </testcase> <!-- Login -->
  <testcase classname="com.Pat.TestCases.Tc_DDT_Login" name="Login" time="40.153">
    <system-out>
      <![CDATA[subash.selenium@gmail.com : is the Value entered for WebElement : UserName      #####################      
Auto@123 : is the Value entered for WebElement : Password      #####################      
WebElement : Log In is clicked      #####################      
Login successful with Home Page displayed as : Login Successfully
WebElement : Log Off is clicked      #####################      
WebElement : Go Back To Login is clicked      #####################      ]]>
    </system-out>
  </testcase> <!-- Login -->
  <testcase classname="com.Pat.TestCases.Tc_DDT_Login" name="tearDown" time="8.638">
    <error message="Cannot invoke &quot;org.openqa.selenium.WebDriver.quit()&quot; because the return value of &quot;java.lang.ThreadLocal.get()&quot; is null" type="java.lang.NullPointerException">
      <![CDATA[java.lang.NullPointerException: Cannot invoke "org.openqa.selenium.WebDriver.quit()" because the return value of "java.lang.ThreadLocal.get()" is null
at com.Pat.TestCases.BaseClass.tearDown(BaseClass.java:128)
at java.base/jdk.internal.reflect.NativeMethodAccessorImpl.invoke0(Native Method)
at java.base/jdk.internal.reflect.NativeMethodAccessorImpl.invoke(NativeMethodAccessorImpl.java:77)
at java.base/jdk.internal.reflect.DelegatingMethodAccessorImpl.invoke(DelegatingMethodAccessorImpl.java:43)
at java.base/java.lang.reflect.Method.invoke(Method.java:568)
at org.testng.internal.invokers.MethodInvocationHelper.invokeMethod(MethodInvocationHelper.java:141)
at org.testng.internal.invokers.MethodInvocationHelper.invokeMethodConsideringTimeout(MethodInvocationHelper.java:71)
at org.testng.internal.invokers.ConfigInvoker.invokeConfigurationMethod(ConfigInvoker.java:400)
at org.testng.internal.invokers.ConfigInvoker.invokeConfigurations(ConfigInvoker.java:333)
at org.testng.internal.invokers.TestMethodWorker.invokeAfterClassConfigurations(TestMethodWorker.java:238)
at org.testng.internal.invokers.TestMethodWorker.invokeAfterClassMethods(TestMethodWorker.java:223)
at org.testng.internal.invokers.TestMethodWorker.run(TestMethodWorker.java:137)
at java.base/java.util.ArrayList.forEach(ArrayList.java:1511)
at org.testng.TestRunner.privateRun(TestRunner.java:739)
at org.testng.TestRunner.run(TestRunner.java:614)
at org.testng.SuiteRunner.runTest(SuiteRunner.java:421)
at org.testng.SuiteRunner$SuiteWorker.run(SuiteRunner.java:463)
at org.testng.internal.thread.ThreadUtil.lambda$execute$0(ThreadUtil.java:64)
at java.base/java.util.concurrent.FutureTask.run$$$capture(FutureTask.java:264)
at java.base/java.util.concurrent.FutureTask.run(FutureTask.java)
at --- Async.Stack.Trace --- (captured by IntelliJ IDEA debugger)
at java.base/java.util.concurrent.FutureTask.<init>(FutureTask.java:132)
at java.base/java.util.concurrent.AbstractExecutorService.newTaskFor(AbstractExecutorService.java:113)
at java.base/java.util.concurrent.AbstractExecutorService.invokeAll(AbstractExecutorService.java:274)
at org.testng.internal.thread.ThreadUtil.execute(ThreadUtil.java:70)
at org.testng.SuiteRunner.runInParallelTestMode(SuiteRunner.java:442)
at org.testng.SuiteRunner.privateRun(SuiteRunner.java:371)
at org.testng.SuiteRunner.run(SuiteRunner.java:312)
at org.testng.SuiteRunnerWorker.runSuite(SuiteRunnerWorker.java:52)
at org.testng.SuiteRunnerWorker.run(SuiteRunnerWorker.java:95)
at org.testng.TestNG.runSuitesSequentially(TestNG.java:1274)
at org.testng.TestNG.runSuitesLocally(TestNG.java:1208)
at org.testng.TestNG.runSuites(TestNG.java:1112)
at org.testng.TestNG.run(TestNG.java:1079)
at com.intellij.rt.testng.IDEARemoteTestNG.run(IDEARemoteTestNG.java:65)
at com.intellij.rt.testng.RemoteTestNGStarter.main(RemoteTestNGStarter.java:105)
]]>
    </error>
  </testcase> <!-- tearDown -->
  <testcase classname="com.Pat.TestCases.Tc_DDT_Login" name="Login2" time="34.168">
    <system-out>
      <![CDATA[subash.selenium@gmail.com : is the Value entered for WebElement : UserName      #####################      
Auto@123 : is the Value entered for WebElement : Password      #####################      
WebElement : Log In is clicked      #####################      
Login successful with Home Page displayed as : Login Successfully
WebElement : Log Off is clicked      #####################      
WebElement : Go Back To Login is clicked      #####################      ]]>
    </system-out>
  </testcase> <!-- Login2 -->
  <testcase classname="com.Pat.TestCases.Tc_DDT_Login" name="Login2" time="22.117">
    <system-out>
      <![CDATA[subash.selenium@gmail.com : is the Value entered for WebElement : UserName      #####################      
Auto@123 : is the Value entered for WebElement : Password      #####################      
WebElement : Log In is clicked      #####################      
Login successful with Home Page displayed as : Login Successfully
WebElement : Log Off is clicked      #####################      
WebElement : Go Back To Login is clicked      #####################      ]]>
    </system-out>
  </testcase> <!-- Login2 -->
  <testcase classname="com.Pat.TestCases.Tc_DDT_Login" name="tearDown" time="0.000">
    <error message="Cannot invoke &quot;org.openqa.selenium.WebDriver.quit()&quot; because the return value of &quot;java.lang.ThreadLocal.get()&quot; is null" type="java.lang.NullPointerException">
      <![CDATA[java.lang.NullPointerException: Cannot invoke "org.openqa.selenium.WebDriver.quit()" because the return value of "java.lang.ThreadLocal.get()" is null
at com.Pat.TestCases.BaseClass.tearDown(BaseClass.java:128)
at java.base/jdk.internal.reflect.NativeMethodAccessorImpl.invoke0(Native Method)
at java.base/jdk.internal.reflect.NativeMethodAccessorImpl.invoke(NativeMethodAccessorImpl.java:77)
at java.base/jdk.internal.reflect.DelegatingMethodAccessorImpl.invoke(DelegatingMethodAccessorImpl.java:43)
at java.base/java.lang.reflect.Method.invoke(Method.java:568)
at org.testng.internal.invokers.MethodInvocationHelper.invokeMethod(MethodInvocationHelper.java:141)
at org.testng.internal.invokers.MethodInvocationHelper.invokeMethodConsideringTimeout(MethodInvocationHelper.java:71)
at org.testng.internal.invokers.ConfigInvoker.invokeConfigurationMethod(ConfigInvoker.java:400)
at org.testng.internal.invokers.ConfigInvoker.invokeConfigurations(ConfigInvoker.java:333)
at org.testng.internal.invokers.TestMethodWorker.invokeAfterClassConfigurations(TestMethodWorker.java:238)
at org.testng.internal.invokers.TestMethodWorker.invokeAfterClassMethods(TestMethodWorker.java:223)
at org.testng.internal.invokers.TestMethodWorker.run(TestMethodWorker.java:137)
at java.base/java.util.ArrayList.forEach(ArrayList.java:1511)
at org.testng.TestRunner.privateRun(TestRunner.java:739)
at org.testng.TestRunner.run(TestRunner.java:614)
at org.testng.SuiteRunner.runTest(SuiteRunner.java:421)
at org.testng.SuiteRunner$SuiteWorker.run(SuiteRunner.java:463)
at org.testng.internal.thread.ThreadUtil.lambda$execute$0(ThreadUtil.java:64)
at java.base/java.util.concurrent.FutureTask.run$$$capture(FutureTask.java:264)
at java.base/java.util.concurrent.FutureTask.run(FutureTask.java)
at --- Async.Stack.Trace --- (captured by IntelliJ IDEA debugger)
at java.base/java.util.concurrent.FutureTask.<init>(FutureTask.java:132)
at java.base/java.util.concurrent.AbstractExecutorService.newTaskFor(AbstractExecutorService.java:113)
at java.base/java.util.concurrent.AbstractExecutorService.invokeAll(AbstractExecutorService.java:274)
at org.testng.internal.thread.ThreadUtil.execute(ThreadUtil.java:70)
at org.testng.SuiteRunner.runInParallelTestMode(SuiteRunner.java:442)
at org.testng.SuiteRunner.privateRun(SuiteRunner.java:371)
at org.testng.SuiteRunner.run(SuiteRunner.java:312)
at org.testng.SuiteRunnerWorker.runSuite(SuiteRunnerWorker.java:52)
at org.testng.SuiteRunnerWorker.run(SuiteRunnerWorker.java:95)
at org.testng.TestNG.runSuitesSequentially(TestNG.java:1274)
at org.testng.TestNG.runSuitesLocally(TestNG.java:1208)
at org.testng.TestNG.runSuites(TestNG.java:1112)
at org.testng.TestNG.run(TestNG.java:1079)
at com.intellij.rt.testng.IDEARemoteTestNG.run(IDEARemoteTestNG.java:65)
at com.intellij.rt.testng.RemoteTestNGStarter.main(RemoteTestNGStarter.java:105)
]]>
    </error>
  </testcase> <!-- tearDown -->
  <system-out>
    <![CDATA[subash.selenium@gmail.com : is the Value entered for WebElement : UserName      #####################      
Auto@123 : is the Value entered for WebElement : Password      #####################      
subash.selenium@gmail.com : is the Value entered for WebElement : UserName      #####################      
Auto@123 : is the Value entered for WebElement : Password      #####################      
WebElement : Log In is clicked      #####################      
WebElement : Log In is clicked      #####################      
Login successful with Home Page displayed as : Login Successfully
Login successful with Home Page displayed as : Login Successfully
WebElement : Log Off is clicked      #####################      
WebElement : Log Off is clicked      #####################      
WebElement : Go Back To Login is clicked      #####################      
WebElement : Go Back To Login is clicked      #####################      
subash.selenium@gmail.com : is the Value entered for WebElement : UserName      #####################      
Auto@123 : is the Value entered for WebElement : Password      #####################      
WebElement : Log In is clicked      #####################      
subash.selenium@gmail.com : is the Value entered for WebElement : UserName      #####################      
Auto@123 : is the Value entered for WebElement : Password      #####################      
WebElement : Log In is clicked      #####################      
Login successful with Home Page displayed as : Login Successfully
WebElement : Log Off is clicked      #####################      
Login successful with Home Page displayed as : Login Successfully
WebElement : Log Off is clicked      #####################      
WebElement : Go Back To Login is clicked      #####################      
WebElement : Go Back To Login is clicked      #####################      ]]>
  </system-out>
</testsuite> <!-- com.Pat.TestCases.Tc_DDT_Login -->
